<?xml version="1.0" encoding="UTF-8"?>
<testng-results ignored="0" total="1" passed="1" failed="0" skipped="0">
  <reporter-output>
  </reporter-output>
  <suite started-at="2021-01-05T08:09:11 IST" name="Default suite" finished-at="2021-01-05T08:09:52 IST" duration-ms="41155">
    <groups>
    </groups>
    <test started-at="2021-01-05T08:09:11 IST" name="Default test" finished-at="2021-01-05T08:09:52 IST" duration-ms="41155">
      <class name="JavaSE_Test">
        <test-method signature="Login()[pri:0, instance:JavaSE_Test@f2ff811]" started-at="2021-01-05T08:09:11 IST" name="Login" finished-at="2021-01-05T08:09:52 IST" duration-ms="40999" status="PASS">
          <reporter-output>
          </reporter-output>
        </test-method> <!-- Login -->
      </class> <!-- JavaSE_Test -->
    </test> <!-- Default test -->
  </suite> <!-- Default suite -->
</testng-results>
